<?xml version="1.0" encoding="UTF-8"?>
<!-- Generated by org.testng.reporters.JUnitReportReporter -->
<testsuite hostname="PFORMATION7" failures="0" tests="2" name="ExempleTNG.TestNG" time="26.908" errors="0" timestamp="2024-02-06T14:39:32 WEST" skipped="0">
  <testcase classname="ExempleTNG.TestNG" name="f" time="14.883">
    <system-out>
      <![CDATA[About to begin executing following method : TestNG.f
Completed executing following method : TestNG.f
Test Method resides in ExempleTNG.TestNG
Test Method had the following parameters : nullnm.makroum@gmail.com,JavaJ2ee@@,
Test Status: Pass
About to begin executing following method : TestNG.afterMethod]]>
    </system-out>
  </testcase> <!-- f -->
  <testcase classname="ExempleTNG.TestNG" name="f" time="12.025">
    <system-out>
      <![CDATA[About to begin executing following method : TestNG.f
Completed executing following method : TestNG.f
Test Method resides in ExempleTNG.TestNG
Test Method had the following parameters : nullnm.makroum@gmail.com,JavaJ2ee@@,
Test Status: Pass
About to begin executing following method : TestNG.afterMethod]]>
    </system-out>
  </testcase> <!-- f -->
  <system-out>
    <![CDATA[About to begin executing Suite Ma première suite de test
About to begin executing Test Mon premier test Edge
About to begin executing Test Mon premier test Chrome
About to begin executing following method : TestNG.beforeMethod
About to begin executing following method : TestNG.beforeMethod
Completed executing following method : TestNG.beforeMethod
About to begin executing following method : TestNG.f
About to begin executing Suite Ma première suite de test
About to begin executing Test Mon premier test Edge
About to begin executing Test Mon premier test Chrome
About to begin executing following method : TestNG.beforeMethod
About to begin executing following method : TestNG.beforeMethod
Completed executing following method : TestNG.beforeMethod
About to begin executing following method : TestNG.f
Completed executing following method : TestNG.f
Test Method resides in ExempleTNG.TestNG
Test Method had the following parameters : nullnm.makroum@gmail.com,JavaJ2ee@@,
Test Status: Pass
About to begin executing following method : TestNG.afterMethod
Completed executing following method : TestNG.afterMethod
Completed executing following method : TestNG.f
Test Method resides in ExempleTNG.TestNG
Test Method had the following parameters : nullnm.makroum@gmail.com,JavaJ2ee@@,
Test Status: Pass
About to begin executing following method : TestNG.afterMethod
Completed executing following method : TestNG.afterMethod]]>
  </system-out>
</testsuite> <!-- ExempleTNG.TestNG -->
